Iteration	Posterior	Likelihood	Prior	rate_log_sd	tree_length
0	169.8059	-176.7899	346.5958	1.51651	0.06815466
6	166.2025	-181.1842	347.3867	0.9377285	0.08760076
12	174.4589	-174.7249	349.1838	0.05030855	0.4417695
18	178.0789	-170.4291	348.508	0.4141482	0.1990012
24	181.073	-168.1094	349.1824	0.03148572	0.391512
30	189.6536	-159.5207	349.1743	0.06014273	0.4430674
36	169.7866	-179.006	348.7926	0.4087547	0.3713855
42	171.8942	-177.168	349.0622	0.1645506	0.4190571
48	171.2235	-177.8399	349.0634	0.1645506	0.422293
54	173.4306	-175.5058	348.9363	0.2916566	0.422293
60	169.4132	-179.724	349.1372	0.09079738	0.422293
66	169.3682	-179.8137	349.1819	0.04607331	0.422293
72	170.1243	-178.662	348.7864	0.3726975	0.3234968
78	169.5079	-179.0038	348.5117	0.4233255	0.2033255
84	167.218	-181.5244	348.7423	0.4233255	0.3297353
90	169.1432	-179.9068	349.05	0.1231408	0.337234
96	162.2771	-186.3008	348.5779	0.6632279	0.4877748
102	170.1585	-178.45	348.6084	0.5153582	0.2949749
108	178.5543	-170.497	349.0513	0.1552739	0.3793244
114	174.0509	-174.4824	348.5333	0.6717156	0.3768449
120	165.7834	-183.1577	348.9411	0.2964132	0.5460185
126	169.8706	-179.0824	348.953	0.1840982	0.3049457
132	168.9819	-178.961	347.9429	1.042986	0.2221385
138	174.4784	-174.2845	348.763	0.1641974	0.2006632
144	171.3283	-177.4654	348.7937	0.3106361	0.2817013
150	168.6572	-180.2648	348.922	0.30606	0.586498
156	163.6513	-185.3597	349.011	0.07029421	0.2676789
162	154.4421	-194.6668	349.1089	0.1325803	0.5022814
168	162.0825	-187.1358	349.2182	0.02297711	0.4887632
174	158.1865	-190.6803	348.8668	0.228158	0.2758172
180	163.5653	-184.9098	348.4751	0.5984795	0.2633169
186	165.6511	-182.6853	348.3364	0.5984795	0.2032748
192	164.9109	-184.1611	349.072	0.159399	0.4323825
198	169.9598	-179.1623	349.1221	0.1060265	0.422763
204	170.6603	-178.4277	349.088	0.1313094	0.4019115
210	173.998	-175.0341	349.0321	0.2032237	0.4467555
216	181.6816	-167.2532	348.9348	0.3058242	0.479388
222	180.7992	-167.1084	347.9075	0.9705408	0.1852557
228	188.2887	-160.8028	349.0915	0.09981315	0.357916
234	187.7949	-161.4146	349.2095	0.03189235	0.4968538
240	187.4496	-161.2531	348.7027	0.4815256	0.3493546
246	176.1293	-172.4718	348.6012	0.4761177	0.2653998
252	174.5495	-173.4991	348.0486	0.6817091	0.1484731
258	169.1439	-179.3078	348.4517	0.6817091	0.3020672
264	174.6359	-174.2376	348.8736	0.273979	0.3134252
270	177.2008	-170.9543	348.1551	0.8718225	0.2397166
276	174.4072	-173.6605	348.0677	0.8718225	0.204865
282	170.0997	-178.9515	349.0512	0.1560878	0.380359
288	164.1914	-184.3426	348.534	0.456324	0.2239426
294	170.0474	-178.4866	348.534	0.456324	0.2239426
300	171.4502	-177.2371	348.6873	0.3801862	0.2599547
306	176.6129	-172.2765	348.8894	0.305401	0.3623419
312	178.5318	-170.5659	349.0978	0.1430101	0.4819858
318	176.8026	-172.0546	348.8572	0.2436987	0.2795362
324	179.367	-169.5994	348.9664	0.2436987	0.3850719
330	179.8108	-169.3487	349.1596	0.03210101	0.3583444
336	180.5242	-168.1529	348.6771	0.4149938	0.2740711
342	179.2078	-169.7411	348.949	0.2476185	0.3647841
348	176.653	-172.4801	349.1331	0.0769942	0.3850065
354	183.4968	-165.6872	349.184	0.04017488	0.4126315
360	183.4532	-165.7308	349.184	0.04017488	0.4126315
366	178.5063	-170.5512	349.0574	0.1153256	0.336806
372	173.2905	-175.6609	348.9514	0.2104727	0.3261021
378	160.9862	-187.7357	348.7219	0.4438279	0.3297863
384	175.9163	-172.6512	348.5675	0.4438279	0.2327722
390	177.263	-171.8285	349.0915	0.1369268	0.4234812
396	178.6157	-170.5499	349.1656	0.06284781	0.4234812
402	177.4206	-171.54	348.9606	0.1499241	0.2857731
408	168.7438	-179.7887	348.5325	0.6221837	0.3195848
414	167.9827	-180.8136	348.7964	0.1637712	0.2122531
420	168.4252	-180.4636	348.8887	0.2929846	0.3464841
426	166.6866	-181.874	348.5607	0.6789241	0.4699195
432	168.4462	-180.6628	349.109	0.08646884	0.3632457
438	168.9834	-179.6078	348.5912	0.5726512	0.3280227
444	159.8696	-188.1342	348.0037	0.4996523	0.1094459
450	173.8014	-174.6162	348.4176	0.4996523	0.1974054
456	169.4488	-178.7751	348.2238	0.6217202	0.1760534
462	162.792	-185.0239	347.816	0.8541354	0.1364862
468	167.8353	-179.9615	347.7968	0.8541354	0.1329595
474	170.9316	-176.7579	347.6895	0.8541354	0.1152719
480	168.5817	-179.6791	348.2608	0.5034876	0.155894
486	164.1363	-184.3341	348.4704	0.6025508	0.2629719
492	169.5485	-179.0895	348.638	0.2472808	0.1873945
498	161.8735	-186.6755	348.549	0.336298	0.1873945
504	162.8126	-185.7206	348.5333	0.5627846	0.2764903
510	160.8804	-188.0725	348.953	0.2279422	0.3455629
516	164.9943	-183.5178	348.5121	0.4992724	0.232787
522	161.9068	-186.8229	348.7296	0.2158543	0.2069694
528	181.2255	-167.2737	348.4992	0.4854673	0.2216573
534	179.9844	-168.8742	348.8586	0.2402655	0.2782222
540	182.2781	-166.5248	348.8029	0.2959045	0.2782222
546	182.9811	-165.9238	348.9049	0.2511785	0.3208247
552	171.7433	-177.3174	349.0607	0.1563357	0.3973867
558	163.6969	-185.3398	349.0367	0.1563357	0.3600997
564	162.3622	-186.1519	348.5142	0.5929705	0.2835547
570	165.3496	-183.4713	348.8209	0.3454671	0.3303742
576	164.0114	-184.6623	348.6737	0.2258346	0.1917364
582	169.8016	-179.1486	348.9502	0.1056513	0.2538377
588	165.7962	-183.3874	349.1835	0.03463152	0.6158209
594	169.6347	-179.3523	348.9869	0.1235987	0.2857793
600	163.392	-185.2371	348.6291	0.6120429	0.4880805
606	169.4324	-179.3006	348.7331	0.1017262	0.1731711
612	168.062	-180.3027	348.3647	0.7737488	0.3060315
618	167.2521	-181.5505	348.8027	0.1733977	0.2182732
624	165.848	-182.4542	348.3021	0.5649592	0.1820675
630	169.4385	-179.3346	348.7731	0.2991605	0.2625906
636	171.29	-177.7599	349.0499	0.1237761	0.3377707
642	179.3838	-169.5461	348.9299	0.2271435	0.3216395
648	181.5418	-167.3859	348.9276	0.2271435	0.3196351
654	180.6621	-167.6887	348.3508	0.5596477	0.195201
660	179.3154	-169.7971	349.1125	0.02649555	0.306478
666	187.3187	-161.7279	349.0466	0.03029685	0.2651724
672	172.6817	-176.2292	348.9109	0.05499047	0.2143928
678	178.0487	-170.6867	348.7354	0.2336736	0.2155944
684	177.7886	-170.9262	348.7149	0.2336736	0.2080533
690	177.8758	-170.5647	348.4404	0.5627945	0.2292787
696	170.3901	-178.7133	349.1034	0.07425793	0.341972
702	169.0815	-179.1736	348.255	0.6367585	0.1893651
708	173.5638	-174.9098	348.4736	0.6367585	0.2856611
714	167.5814	-180.9048	348.4862	0.6336356	0.2921841
720	178.9183	-169.568	348.4862	0.6336356	0.2921841
726	174.3115	-174.1747	348.4862	0.6336356	0.2921841
732	169.8078	-178.6784	348.4862	0.6336356	0.2921841
738	169.8116	-178.6746	348.4862	0.6336356	0.2921841
744	172.8282	-175.6581	348.4862	0.6336356	0.2921841
750	176.5595	-171.9267	348.4862	0.6336356	0.2921841
756	181.2389	-167.2473	348.4862	0.6336356	0.2921841
762	181.9632	-166.523	348.4862	0.6336356	0.2921841
768	181.4988	-166.9875	348.4862	0.6336356	0.2921841
774	184.6275	-163.8588	348.4862	0.6336356	0.2921841
780	184.8751	-163.6111	348.4862	0.6336356	0.2921841
786	185.6613	-162.8249	348.4862	0.6336356	0.2921841
792	185.105	-163.3813	348.4862	0.6336356	0.2921841
798	188.44	-160.0462	348.4862	0.6336356	0.2921841
804	190.8653	-157.6209	348.4862	0.6336356	0.2921841
810	190.476	-158.0102	348.4862	0.6336356	0.2921841
816	186.7571	-161.7291	348.4862	0.6336356	0.2921841
822	188.2961	-160.1902	348.4862	0.6336356	0.2921841
828	184.0454	-164.4409	348.4862	0.6336356	0.2921841
834	185.6471	-162.8391	348.4862	0.6336356	0.2921841
840	186.3532	-162.133	348.4862	0.6336356	0.2921841
846	185.6953	-162.7909	348.4862	0.6336356	0.2921841
852	185.8813	-162.6049	348.4862	0.6336356	0.2921841
858	186.1689	-162.3173	348.4862	0.6336356	0.2921841
864	186.1463	-162.3399	348.4862	0.6336356	0.2921841
870	185.2921	-163.1941	348.4862	0.6336356	0.2921841
876	186.0286	-162.4577	348.4862	0.6336356	0.2921841
882	182.422	-166.0642	348.4862	0.6336356	0.2921841
888	182.4227	-166.0636	348.4862	0.6336356	0.2921841
894	182.0479	-166.4384	348.4862	0.6336356	0.2921841
900	187.0119	-161.4743	348.4862	0.6336356	0.2921841
906	176.5207	-172.3329	348.8537	0.286658	0.3074868
912	175.3945	-173.5945	348.989	0.124848	0.2880006
918	170.6102	-178.1284	348.7386	0.2750085	0.2337726
924	171.3212	-177.6298	348.9509	0.2750085	0.4170148
930	176.1622	-172.7662	348.9285	0.3018038	0.428846
936	176.0035	-172.8789	348.8823	0.1594921	0.2468046
942	169.5148	-177.9886	347.5033	1.189874	0.1409197
948	175.3763	-172.8887	348.265	0.8925816	0.3221626
954	177.605	-170.3194	347.9244	0.9239473	0.1768332
960	177.2341	-170.3142	347.5483	1.132689	0.138559
966	178.5601	-168.9084	347.4685	1.099653	0.1190229
972	186.0067	-162.6847	348.6914	0.3234985	0.2343274
978	172.972	-175.4671	348.4391	0.7658593	0.3767963
984	174.4493	-174.7474	349.1967	0.008282345	0.3767963
990	172.018	-176.8769	348.8949	0.0067367	0.1923932
996	169.3299	-179.8296	349.1595	0.05913607	0.4006404
