Iteration	Posterior	Likelihood	Prior	rate_log_sd	tree_length
0	-222.6707	-570.4772	347.8065	1.406209	0.6296694
6	-187.8554	-535.2439	347.3885	1.407101	1.131085
12	-173.1255	-520.5104	347.3849	1.407101	1.134328
18	-188.8414	-535.7183	346.8769	2.27818	0.7376137
24	-150.5536	-497.9719	347.4183	1.761811	0.696197
30	-156.8742	-504.3978	347.5237	1.717728	0.4946238
36	-155.2536	-502.0821	346.8285	2.293437	0.293634
42	-114.8058	-461.6343	346.8285	2.293437	0.293634
48	-167.4117	-515.2465	347.8348	1.40594	0.5197947
54	-154.6523	-502.3747	347.7225	1.388893	0.8001093
60	-152.8706	-500.5735	347.7029	1.408457	0.8001093
66	-181.9759	-528.8672	346.8913	1.197981	1.682897
72	-169.4266	-516.4915	347.0649	1.304654	1.477825
78	-163.8946	-510.6235	346.7288	1.1463	1.83261
84	-170.7195	-518.031	347.3115	0.2956799	2.013668
90	-151.7649	-499.1919	347.427	1.103295	1.353525
96	-173.9088	-519.8625	345.9537	0.9631029	2.458714
102	-225.1832	-571.0304	345.8472	2.054853	1.814049
108	-206.1946	-553.6013	347.4066	1.768861	0.704263
114	-195.1007	-542.444	347.3433	1.295396	1.265821
120	-206.5785	-553.7163	347.1378	1.500873	1.265821
126	-225.2545	-573.0647	347.8102	1.347411	0.7335457
132	-208.7158	-554.2001	345.4844	1.664725	2.311762
138	-188.8796	-536.795	347.9154	1.021725	0.9974937
144	-171.5014	-519.0846	347.5832	1.591546	0.705484
150	-211.1173	-557.2863	346.1691	0.4840591	2.622882
156	-149.284	-495.6221	346.3381	0.2411212	2.668444
162	-129.6437	-476.7155	347.0718	0.6876759	1.911494
168	-135.2349	-482.2446	347.0097	0.9140924	1.799044
174	-104.4973	-452.5322	348.0349	1.193432	0.5853401
180	-76.62025	-424.5195	347.8992	1.340497	0.5303005
186	-74.74779	-422.8823	348.1345	0.6145599	1.172183
192	-71.15602	-418.7886	347.6326	1.599336	0.5721659
198	-85.86531	-433.5697	347.7044	1.486216	0.3569786
204	-97.04541	-444.3218	347.2764	1.915336	0.3584175
210	-121.5371	-468.0778	346.5407	2.124647	1.243657
216	-115.2072	-461.8771	346.6699	2.521267	0.3577621
222	-120.2516	-466.5668	346.3151	1.73874	0.06371827
228	-103.7994	-450.1489	346.3495	2.185355	0.1139718
234	-102.3398	-448.04	345.7003	2.276368	0.05835043
240	-112.1118	-458.5926	346.4808	2.619992	0.8139964
246	-131.9957	-479.9962	348.0005	1.100283	0.8139964
252	-106.089	-452.6933	346.6043	1.008169	2.01019
258	-138.4177	-483.5708	345.1531	2.795475	1.781847
264	-190.0088	-535.6841	345.6753	2.273276	1.781847
270	-140.2909	-488.2263	347.9354	1.297112	0.5700145
276	-126.4021	-474.1525	347.7504	1.108908	1.072756
282	-114.1034	-461.6602	347.5568	1.547384	0.80958
288	-79.49327	-426.7291	347.2358	1.859804	0.8207109
294	-91.7961	-437.0981	345.302	1.742913	2.37796
300	-105.6283	-453.8071	348.1788	0.3048966	1.390141
306	-114.2809	-461.4145	347.1336	0.4596182	2.023009
312	-78.41321	-425.9686	347.5554	0.9578055	1.367036
318	-64.05981	-411.8507	347.7909	0.8650509	1.25147
324	-93.20505	-439.6966	346.4915	1.415114	1.810887
330	-90.19241	-438.4009	348.2085	1.032883	0.507237
336	-58.00096	-406.2466	348.2457	0.8551845	0.8139427
342	-55.56679	-402.8615	347.2947	1.293676	1.306947
348	-44.17524	-391.9832	347.808	1.433022	0.4846198
354	-45.004	-392.8122	347.8082	1.433022	0.5102652
360	-74.8118	-422.8167	348.0049	1.23598	0.5168799
366	-74.17494	-421.3141	347.1391	1.880346	0.9109306
372	-106.8645	-453.8074	346.9429	2.292717	0.5559447
378	-137.8132	-485.1343	347.3211	1.914495	0.5559447
384	-125.9983	-473.3235	347.3252	1.914495	0.5301086
390	-121.3296	-468.4027	347.0731	1.520948	1.302395
396	-157.5189	-505.0888	347.57	1.440988	0.9202849
402	-164.6593	-511.3486	346.6893	2.256944	0.2072509
408	-170.8628	-517.6268	346.7639	2.477494	0.5036865
414	-173.6658	-520.4032	346.7375	2.42318	0.3249605
420	-166.0786	-512.8958	346.8172	2.42318	0.4769808
426	-188.8886	-533.8692	344.9806	2.42318	2.147585
432	-146.8801	-493.5658	346.6857	1.201312	1.824425
438	-131.2069	-478.7399	347.533	1.651292	0.6886829
444	-120.0463	-467.5105	347.4642	1.745463	0.3843548
450	-124.4084	-471.4695	347.0611	2.149063	0.3850715
456	-139.3617	-486.8676	347.5059	1.600941	0.8061831
462	-132.3105	-480.0056	347.6951	1.512569	0.6413958
468	-140.6682	-487.6509	346.9828	1.950978	1.000858
474	-158.0283	-505.5687	347.5404	0.9339003	1.397518
480	-148.7802	-495.7047	346.9245	1.394393	1.515833
486	-152.8732	-500.0889	347.2157	1.410123	1.276415
492	-144.4456	-491.3456	346.9	0.9466	1.852196
498	-122.2527	-468.9851	346.7324	2.053201	1.140016
504	-128.3346	-475.6886	347.354	0.8216649	1.620988
510	-153.1837	-501.2161	348.0324	0.664234	1.217332
516	-168.756	-515.3894	346.6334	1.944628	1.315349
522	-190.3027	-537.9144	347.6117	1.576408	0.6815869
528	-183.2197	-530.36	347.1403	1.797587	0.9967386
534	-181.7258	-528.376	346.6502	2.571006	0.4060978
540	-213.8364	-561.3078	347.4714	1.548054	0.9109388
546	-241.1565	-587.7248	346.5683	2.131652	1.214483
552	-208.9542	-556.1504	347.1962	2.003283	0.65909
558	-161.3496	-508.2979	346.9483	2.155059	0.2810887
564	-182.1723	-529.2411	347.0688	2.155059	0.5997025
570	-149.4712	-496.8885	347.4173	1.4106	1.101855
576	-122.3112	-470.0371	347.7259	1.161493	1.046136
582	-111.5393	-458.4017	346.8624	2.025036	1.046136
588	-68.15444	-416.4405	348.2861	0.8617937	0.7485513
594	-75.11982	-423.5018	348.382	0.8156696	0.6629711
600	-56.09674	-404.2677	348.1709	1.052881	0.5998682
606	-78.76852	-425.2644	346.4959	2.501377	0.2267832
612	-87.39335	-433.3341	345.9407	2.501377	0.101267
618	-71.55816	-417.9297	346.3716	2.501377	0.1837578
624	-53.83574	-402.0454	348.2096	1.004578	0.3922041
630	-45.26144	-393.2726	348.0112	1.14045	0.7429028
636	-55.1945	-403.1446	347.9501	1.254761	0.6476494
642	-63.90537	-411.8412	347.9358	1.261084	0.664468
648	-85.00271	-432.8116	347.8089	1.224128	0.2425612
654	-74.84726	-422.0326	347.1853	2.011599	0.6644474
660	-95.13755	-441.527	346.3895	1.804406	1.607792
666	-108.9432	-455.4684	346.5253	0.3308359	2.496754
672	-108.9102	-456.0614	347.1512	1.557951	1.206626
678	-143.3149	-490.0971	346.7822	1.32954	1.666937
684	-160.6927	-507.0279	346.3352	2.153209	1.386505
690	-175.0366	-522.4295	347.393	1.121956	1.365647
696	-186.3762	-534.0611	347.6849	1.249548	1.000151
702	-210.6373	-556.9197	346.2824	1.610158	1.820603
708	-181.0617	-528.8997	347.8379	1.379174	0.618586
714	-152.8648	-500.3602	347.4953	1.68402	0.6975025
720	-172.7196	-520.679	347.9594	1.226047	0.6864535
726	-172.1666	-520.1329	347.9663	0.6711392	1.266837
732	-129.3922	-477.5268	348.1347	0.6362845	1.153023
738	-155.8624	-504.4428	348.5803	0.6362845	0.6198815
744	-144.8085	-491.7913	346.9828	1.321554	1.526683
750	-169.55	-516.2409	346.6909	2.326878	0.9127684
756	-143.2924	-490.7794	347.487	1.510288	0.9351321
762	-144.5431	-492.1711	347.628	1.611119	0.5347118
768	-160.7562	-508.0735	347.3173	1.135554	1.414156
774	-176.9326	-522.9478	346.0152	2.684552	1.214654
780	-152.9769	-499.9793	347.0025	1.231569	1.578533
786	-181.9233	-529.6828	347.7595	1.476407	0.449096
792	-207.6395	-555.0697	347.4301	1.476407	1.027711
798	-187.6982	-534.9305	347.2323	1.824542	0.8682769
804	-145.9774	-492.9425	346.965	1.910451	1.057516
810	-139.2518	-486.9326	347.6808	1.472348	0.7405797
816	-93.89793	-441.1761	347.2781	1.545546	1.105712
822	-88.94246	-436.5361	347.5936	1.619941	0.6275141
828	-69.59865	-417.3823	347.7837	1.453939	0.5450811
834	-78.81976	-426.0843	347.2646	1.974759	0.4682132
840	-87.86401	-434.5113	346.6473	1.974759	1.279544
846	-79.85372	-427.5997	347.746	1.494937	0.5168491
852	-84.41181	-431.9002	347.4884	1.74718	0.4477662
858	-97.32065	-444.9364	347.6158	1.605589	0.6071028
864	-81.96152	-429.4336	347.4721	0.7702156	1.572498
870	-84.36346	-432.4376	348.0741	1.014219	0.8299299
876	-80.56819	-428.0635	347.4953	0.2147122	1.944871
882	-103.0312	-451.8677	348.8365	0.306317	0.756172
888	-111.3935	-459.2854	347.8919	0.7446556	1.267609
894	-102.9747	-450.6902	347.7155	0.9210186	1.267609
900	-126.3464	-471.6387	345.2924	1.248264	2.692168
906	-117.7384	-466.1113	348.3729	0.5126251	1.047982
912	-112.5678	-460.6034	348.0356	0.1769144	1.594235
918	-155.828	-503.97	348.142	0.1835771	1.510875
924	-148.4129	-496.8133	348.4003	0.8098293	0.6357459
930	-121.8322	-468.1386	346.3064	0.4698894	2.546537
936	-95.35074	-442.8311	347.4804	0.8124321	1.535254
942	-125.9767	-473.7272	347.7505	0.8710423	1.279932
948	-134.9143	-483.1486	348.2343	0.6887386	1.011532
954	-105.7628	-453.9385	348.1757	0.693266	1.06367
960	-176.1903	-524.5846	348.3943	0.3080977	1.212406
966	-151.4326	-497.865	346.4324	1.377569	1.877202
972	-119.7043	-467.4845	347.7802	1.275508	0.8695221
978	-144.8388	-491.8586	347.0198	1.520687	1.345417
984	-95.75004	-443.5527	347.8027	0.9181845	1.196617
990	-64.01974	-411.8224	347.8027	0.9181845	1.196617
996	-57.43979	-405.0372	347.5974	0.7636845	1.484188
