Iteration	Posterior	Likelihood	Prior	rate_log_sd	tree_length
0	138.1262	-211.097	349.2231	0.00679513	0.4278953
6	136.6952	-212.5052	349.2004	0.0123535	0.6296613
12	138.9924	-210.2067	349.1991	0.005400062	0.3761553
18	143.205	-206.0039	349.2089	0.007335505	0.6208596
24	140.7094	-208.4711	349.1805	0.009203114	0.6785229
30	130.8789	-218.2901	349.169	0.04606599	0.6239008
36	128.5697	-220.5965	349.1661	0.07533728	0.4990438
42	133.0818	-215.6965	348.7783	0.1224222	0.1921166
48	146.0602	-202.9382	348.9984	0.1483352	0.3127066
54	163.0615	-186.0137	349.0753	0.1583819	0.5651722
60	161.4106	-187.5831	348.9938	0.1596578	0.3184479
66	146.0794	-202.8283	348.9077	0.2191611	0.2972098
72	150.8957	-197.8169	348.7125	0.2191611	0.20219
78	148.1604	-200.6257	348.7861	0.2444328	0.2414043
84	154.4244	-194.2401	348.6645	0.3946289	0.2555211
90	146.4261	-201.9512	348.3774	0.3974757	0.158325
96	152.0195	-195.9998	348.0193	0.737638	0.1542453
102	150.2866	-197.7301	348.0167	0.7451009	0.1553478
108	137.6439	-209.8072	347.4511	1.442544	0.1899364
114	154.4741	-193.7427	348.2168	0.8402217	0.2544298
120	153.6307	-194.9151	348.5458	0.5970005	0.3094778
126	155.7165	-191.9807	347.6972	1.009697	0.1436437
132	142.0946	-206.2954	348.39	0.4959682	0.1876003
138	137.2668	-210.2528	347.5197	1.335726	0.1787646
144	143.5791	-204.5378	348.1169	0.8654794	0.2207571
150	139.5316	-209.2732	348.8047	0.4152815	0.4034641
156	142.3539	-206.6349	348.9887	0.2281679	0.397245
162	142.523	-206.354	348.8771	0.3592925	0.4511456
168	137.0219	-211.7762	348.7982	0.4353706	0.4396426
174	131.8571	-216.7082	348.5653	0.6761745	0.5017726
180	136.961	-211.384	348.3449	0.6835804	0.2404745
186	127.702	-221.174	348.8761	0.2408788	0.2901442
192	140.0254	-208.9367	348.9621	0.2207227	0.3476922
198	140.3285	-208.619	348.9475	0.2832256	0.4302391
204	131.5358	-217.4471	348.983	0.2548136	0.5441558
210	147.2413	-201.4815	348.7228	0.5141184	0.4536127
216	146.2492	-202.5375	348.7867	0.3360315	0.2941989
222	153.9211	-195.0543	348.9754	0.2639952	0.4687158
228	159.0936	-189.9946	349.0882	0.1532823	0.5011859
234	151.9255	-197.1502	349.0757	0.07387761	0.3151209
240	145.3688	-203.75	349.1188	0.03172614	0.7445053
246	153.0741	-196.1148	349.1888	0.02725332	0.6212453
252	149.8958	-199.3099	349.2057	0.02685007	0.5699261
258	147.0774	-201.8759	348.9533	0.114491	0.8552483
264	139.5904	-209.4492	349.0396	0.201647	0.5093824
270	141.8038	-207.1001	348.9039	0.3286358	0.5698465
276	149.3764	-199.3338	348.7102	0.4751984	0.3507664
282	144.2249	-204.4904	348.7153	0.5212206	0.4519179
288	144.0153	-204.8361	348.8513	0.3859896	0.4558698
294	143.044	-205.5539	348.5978	0.4697302	0.2600058
300	138.8407	-209.5911	348.4318	0.3956243	0.1712422
306	147.257	-200.8672	348.1241	0.5644239	0.1400101
312	141.7619	-207.0133	348.7752	0.3677015	0.3095593
318	141.4178	-207.43	348.8478	0.2741131	0.2936646
324	142.7627	-206.0933	348.856	0.2368455	0.2745337
330	146.3162	-202.5734	348.8896	0.3471164	0.5503697
336	147.0446	-202.0948	349.1395	0.04704285	0.6845568
342	160.3425	-188.8607	349.2033	0.02883609	0.4347084
348	158.3482	-190.8552	349.2034	0.03710289	0.5224964
354	168.2218	-180.9809	349.2027	0.03356064	0.4509482
360	162.791	-186.2655	349.0565	0.06727124	0.2949429
366	149.207	-199.8589	349.0659	0.1014964	0.3314415
372	149.9928	-199.1596	349.1524	0.06490124	0.3979642
378	144.4495	-204.7355	349.185	0.02400377	0.6384702
384	139.3197	-209.7079	349.0276	0.05385438	0.8385087
390	140.0794	-209.0594	349.1388	0.03568881	0.7060198
396	140.1927	-209.03	349.2227	0.01201123	0.5604937
402	144.0097	-205.2228	349.2325	0.008142588	0.5198968
408	140.7722	-208.4387	349.2109	0.01412709	0.5961219
414	144.1986	-204.9648	349.1634	0.01329464	0.3409342
420	145.7256	-203.2471	348.9727	0.02827016	0.2283194
426	135.8329	-213.3131	349.1459	0.03313631	0.3435183
432	138.487	-210.7364	349.2235	0.01173681	0.4461
438	154.8491	-194.3128	349.1619	0.01350864	0.3396097
444	155.6629	-193.5226	349.1855	0.0112859	0.3650594
450	154.3363	-194.8895	349.2258	0.01519639	0.5149734
456	157.3828	-191.8133	349.1961	0.01768963	0.3913697
462	158.593	-190.4655	349.0584	0.03920484	0.277481
468	165.2179	-183.8975	349.1155	0.07506963	0.3569282
474	158.1788	-190.9251	349.1039	0.08408571	0.3537827
480	165.1344	-184.004	349.1383	0.04209254	0.3450162
486	161.3059	-187.8769	349.1828	0.0468367	0.42697
492	156.0771	-193.1205	349.1976	0.01585455	0.3907769
498	166.3965	-182.797	349.1935	0.01274297	0.3788299
504	153.5731	-195.6529	349.226	0.01189561	0.4589164
510	154.7875	-194.3129	349.1004	0.0320275	0.3013529
516	158.824	-190.2342	349.0582	0.07424136	0.3013529
522	150.2295	-198.962	349.1915	0.03298098	0.597982
528	154.097	-195.0627	349.1597	0.05382655	0.3908634
534	143.2739	-205.8393	349.1132	0.1139396	0.5894652
540	149.0579	-200.0198	349.0776	0.1580501	0.4481347
546	152.5767	-196.4471	349.0238	0.1675856	0.3579792
552	156.6895	-192.3302	349.0197	0.08786833	0.2838184
558	152.1196	-196.6701	348.7897	0.1134531	0.1928735
564	152.3867	-196.4847	348.8715	0.132501	0.2295868
570	140.5924	-208.4252	349.0176	0.2186303	0.5529063
576	130.8583	-218.2341	349.0924	0.1439341	0.5522236
582	131.6131	-217.5089	349.1221	0.1146401	0.452887
588	133.3796	-215.6903	349.0699	0.1332478	0.3740896
594	146.816	-202.3488	349.1648	0.07359754	0.462146
600	140.3233	-208.8106	349.1339	0.09637807	0.4290237
606	144.0885	-205.0194	349.1079	0.1314991	0.5325577
612	145.835	-203.1653	349.0003	0.2016411	0.3722424
618	144.6395	-203.9964	348.6359	0.602856	0.4644254
624	166.9462	-181.3763	348.3225	0.8996845	0.4081164
630	167.6248	-180.2423	347.8671	1.095523	0.2131925
636	171.1038	-177.4976	348.6014	0.5439354	0.3115617
642	165.0182	-183.7168	348.735	0.3959058	0.3001928
648	163.1696	-185.7743	348.9439	0.2750319	0.4012964
654	164.6698	-184.1637	348.8335	0.3335357	0.3310368
660	151.7694	-197.142	348.9114	0.1882283	0.2787023
666	158.8463	-189.9889	348.8352	0.3628449	0.3667423
672	161.0374	-187.8849	348.9224	0.1782797	0.2793641
678	153.9228	-194.9909	348.9137	0.3055069	0.4016985
684	164.8269	-184.2366	349.0634	0.1251335	0.3544742
690	163.4667	-185.657	349.1236	0.1127239	0.5521468
696	162.5311	-186.5673	349.0983	0.1260979	0.4133188
702	153.2803	-195.7708	349.0512	0.1885377	0.5302226
708	152.6546	-196.4784	349.133	0.08638498	0.4022177
714	151.016	-197.9738	348.9897	0.1939813	0.3487527
720	154.5475	-194.3669	348.9144	0.2240231	0.3060002
726	140.477	-208.4681	348.9451	0.2952738	0.5231642
732	146.8225	-201.9817	348.8042	0.2571033	0.256667
738	150.4723	-198.3632	348.8355	0.3545824	0.3563692
744	158.9041	-189.3775	348.2815	0.8260245	0.2838258
750	153.8623	-194.7545	348.6168	0.3038599	0.1985019
756	153.4889	-195.4701	348.9591	0.1796889	0.3062586
762	151.597	-197.3822	348.9792	0.2290469	0.381964
768	155.4318	-193.1303	348.562	0.5881448	0.3156549
774	153.186	-195.3487	348.5347	0.5564313	0.2735122
780	155.7386	-192.8478	348.5864	0.4331827	0.2363828
786	159.6486	-189.3754	349.024	0.173499	0.36598
792	159.0706	-189.9259	348.9965	0.2081887	0.6481918
798	162.2204	-186.5484	348.7688	0.4306058	0.6594252
804	165.2374	-183.7107	348.9482	0.2923043	0.5227073
810	159.2833	-189.5519	348.8353	0.4059558	0.5111008
816	155.7822	-192.7392	348.5215	0.5345332	0.2539117
822	160.3361	-187.5339	347.87	0.9817726	0.177757
828	163.0856	-184.1982	347.2838	1.298036	0.1211942
834	163.2691	-184.7304	347.9995	0.8675133	0.1820356
840	161.798	-186.7244	348.5224	0.6992318	0.4068996
846	163.663	-184.7207	348.3836	0.8048239	0.3543842
852	167.2137	-181.8134	349.0271	0.2042825	0.4323376
858	160.3496	-188.5194	348.8689	0.174557	0.8837811
864	165.2522	-183.6497	348.902	0.3080831	0.6360022
870	158.2169	-190.1404	348.3574	0.8259828	0.3483227
876	163.8518	-184.8253	348.6772	0.5165289	0.3609458
882	160.9943	-187.1165	348.1108	1.014102	0.2957947
888	160.1991	-188.2419	348.441	0.6601203	0.2796627
894	164.0794	-184.4226	348.502	0.4277256	0.201544
900	152.6074	-196.0376	348.645	0.4054587	0.251076
906	141.3679	-207.4053	348.7733	0.3535541	0.297179
912	143.7392	-205.144	348.8832	0.3426338	0.4167133
918	150.0181	-198.956	348.9741	0.2579925	0.4345918
924	144.4429	-204.6192	349.0621	0.1453726	0.3807428
930	145.0332	-203.8786	348.9118	0.1851477	0.2770779
936	142.3225	-206.7234	349.0459	0.1530043	0.3679051
942	144.5422	-203.9473	348.4895	0.7245524	0.6264291
948	147.2482	-201.1284	348.3765	0.8253277	0.3721416
954	155.6984	-192.7921	348.4905	0.5866589	0.2653146
960	152.6325	-196.1831	348.8157	0.3786934	0.3618411
966	148.5195	-200.3794	348.8989	0.3383921	0.4555904
972	148.131	-200.6915	348.8225	0.301495	0.2951386
978	145.7295	-203.0707	348.8002	0.3870081	0.3528247
984	140.6351	-208.4136	349.0487	0.1904095	0.5349784
990	134.0569	-215.0186	349.0754	0.1593233	0.4443374
996	141.4296	-207.5022	348.9317	0.221179	0.3180134
