Iteration	Posterior	Likelihood	Prior	rate_log_sd	tree_length
0	-889.0157	-1228.676	339.6605	2.887392	4.997891
6	-851.2592	-1197.007	345.7475	2.574227	1.513742
12	-847.3623	-1190.643	343.2803	2.78921	2.97818
18	-842.2093	-1185.464	343.2546	2.312851	3.277031
24	-875.0438	-1219.883	344.8392	2.866451	1.947855
30	-833.2739	-1178.277	345.0032	2.676186	1.965458
36	-790.184	-1135.467	345.2829	2.396511	1.965458
42	-828.7994	-1173.265	344.4652	2.576277	2.380177
48	-840.3382	-1183.813	343.4751	2.15595	3.239494
54	-834.839	-1178.486	343.6473	2.125161	3.155693
60	-753.6297	-1099.129	345.4995	2.646549	1.642313
66	-773.4418	-1119.668	346.2263	2.852357	0.8419962
72	-774.7821	-1121.059	346.2769	2.845769	0.7847629
78	-735.8189	-1082.079	346.2598	2.562251	1.107191
84	-740.1069	-1086.216	346.1087	3.039162	0.7486051
90	-777.1501	-1123.688	346.538	2.546778	0.8343234
96	-782.3493	-1128.229	345.8797	2.531768	1.445961
102	-836.5496	-1181.396	344.8468	2.531768	2.163977
108	-828.3412	-1173.062	344.7204	3.462076	1.616059
114	-837.0092	-1182.458	345.4488	3.462076	1.023417
120	-864.4926	-1210.395	345.9025	3.162612	0.858436
126	-858.8268	-1199.552	340.725	7.365823	1.681837
132	-859.7628	-1202.819	343.0557	6.128685	0.6884031
138	-823.4723	-1167.006	343.5335	5.216493	0.1527238
144	-825.0664	-1168.908	343.8418	5.273289	0.2888666
150	-833.4431	-1179.053	345.6095	3.580573	0.6779024
156	-876.6666	-1220.837	344.1702	4.466368	1.267539
162	-808.9581	-1154.456	345.4976	3.741631	0.533845
168	-843.1049	-1185.81	342.7046	5.847472	1.336132
174	-839.8023	-1182.454	342.6519	5.099796	1.916794
180	-869.9309	-1215.007	345.0761	3.720156	1.130523
186	-886.4707	-1232.113	345.6422	3.289292	1.003122
192	-864.131	-1208.94	344.8087	3.180699	1.753351
198	-834.6338	-1180.095	345.4614	3.664973	0.7796745
204	-814.5915	-1160.115	345.5233	3.300141	1.105945
210	-844.816	-1189.562	344.7462	3.35151	1.676924
216	-799.9674	-1145.95	345.9828	3.247469	0.4288012
222	-825.3104	-1171.298	345.9878	3.247469	0.446475
228	-786.7099	-1132.51	345.7998	3.179534	0.9541766
234	-792.2946	-1137.621	345.3259	3.141531	1.402832
240	-802.044	-1147.942	345.8983	2.92345	1.107494
246	-816.3192	-1162.011	345.6917	3.271547	0.9709241
252	-804.572	-1150.497	345.9245	3.271547	0.6662698
258	-808.1306	-1154.708	346.5779	2.032229	1.28932
264	-807.3399	-1153.326	345.9862	2.216224	1.601557
270	-784.6459	-1128.795	344.1489	1.874561	3.005833
276	-787.7944	-1134.03	346.2361	2.470616	1.208741
282	-845.5391	-1191.782	346.2432	2.839396	0.8371308
288	-803.1418	-1148.639	345.4975	2.839396	1.502418
294	-788.1681	-1134.042	345.8743	3.186722	0.8633003
300	-803.558	-1149.696	346.1377	2.988071	0.7805672
306	-774.5385	-1120.793	346.2543	2.576975	1.098777
312	-774.7902	-1120.25	345.4601	3.516	0.9575988
318	-810.8834	-1154.967	344.0836	4.387844	1.399735
324	-780.3137	-1126.646	346.3323	2.893745	0.59303
330	-810.7313	-1156.815	346.0834	2.786821	1.062555
336	-750.839	-1095.997	345.1583	1.850447	2.400808
342	-783.7114	-1129.804	346.0925	2.095668	1.611973
348	-736.5188	-1082.134	345.615	2.457682	1.694711
354	-734.3637	-1080.969	346.6052	2.105666	1.205201
360	-734.7857	-1081.284	346.4981	2.684421	0.6918803
366	-775.8821	-1122.294	346.4114	2.684421	0.820417
372	-770.6669	-1113.136	342.4686	3.413553	3.090352
378	-673.376	-1020.05	346.6744	2.302942	0.9562291
384	-711.3391	-1057.599	346.2598	2.461801	1.19601
390	-679.1441	-1024.96	345.8159	3.180061	0.2262491
396	-758.177	-1103.926	345.7489	3.458994	0.3813329
402	-718.0779	-1064.125	346.0468	3.168915	0.6223063
408	-769.9443	-1115.808	345.8641	2.948541	1.11574
414	-804.6343	-1151.292	346.6575	2.385709	0.8840939
420	-788.3594	-1134.513	346.154	2.427531	1.31251
426	-776.3174	-1122.089	345.772	2.252441	1.728771
432	-794.0805	-1139.498	345.4173	2.783932	1.602459
438	-810.6543	-1155.834	345.1793	2.870481	1.710928
444	-785.5166	-1131.546	346.0292	2.938719	0.9660787
450	-800.6601	-1146.237	345.5767	2.695928	1.55014
456	-823.3071	-1168.611	345.3036	3.280446	1.310466
462	-806.7091	-1152.637	345.9278	2.65626	1.310466
468	-840.4691	-1180.92	340.4507	2.594814	4.720512
474	-847.2243	-1191.422	344.198	3.608362	1.879642
480	-839.5976	-1184.723	345.1252	2.900786	1.727696
486	-818.7727	-1164.221	345.4482	3.793246	0.5033605
492	-849.4222	-1193.967	344.5449	4.320972	0.1817125
498	-803.795	-1148.099	344.3035	4.664859	0.2153459
504	-806.8792	-1152.689	345.8101	3.430768	0.5175079
510	-816.1887	-1161.885	345.696	3.146287	1.088569
516	-791.1228	-1136.678	345.5549	3.462574	0.9131288
522	-817.9487	-1163.192	345.2433	3.663669	1.027258
528	-870.3126	-1215.279	344.9667	2.958477	1.798056
534	-890.4173	-1235.798	345.3809	2.544296	1.798056
540	-901.7605	-1246.363	344.6024	2.388782	2.411901
546	-949.2766	-1292.18	342.9029	2.990332	3.083742
552	-865.0104	-1208.572	343.5612	2.33211	3.083742
558	-862.4934	-1207.868	345.3748	2.850286	1.585047
564	-893.1992	-1239.31	346.1111	2.396939	1.371088
570	-864.8774	-1209.459	344.5814	2.469226	2.374323
576	-854.7739	-1199.841	345.067	2.355312	2.1355
582	-875.7269	-1222.095	346.368	2.595036	0.971136
588	-856.9472	-1202.406	345.4593	2.24924	1.945926
594	-931.204	-1276.658	345.4542	2.206455	1.978054
600	-850.0141	-1195.91	345.8964	3.241857	0.7627994
606	-792.3541	-1136.565	344.2111	2.694046	2.46601
612	-786.5554	-1129.919	343.3635	2.02453	3.382611
618	-769.4553	-1115.068	345.6122	2.527153	1.647117
624	-781.8615	-1127.391	345.5297	2.437419	1.768926
630	-802.7886	-1149.404	346.6158	2.402769	0.9119657
636	-806.8746	-1153.453	346.5788	2.439729	0.9119657
642	-788.1063	-1133.935	345.8288	2.075009	1.812851
648	-813.1373	-1159.638	346.501	2.25434	1.166741
654	-871.3759	-1218.053	346.6775	1.863276	1.34517
660	-757.3523	-1102.195	344.8428	3.299202	1.645217
666	-762.803	-1107.78	344.9775	3.359321	1.502414
672	-754.0518	-1098.716	344.6638	4.398605	0.8616531
678	-744.05	-1088.202	344.1517	5.045547	0.3657047
684	-743.8335	-1087.826	343.992	5.213439	0.6464463
690	-729.937	-1073.893	343.9556	5.173088	0.7764933
696	-851.6298	-1196.604	344.9744	4.083648	0.8668024
702	-831.3529	-1174.684	343.3306	2.910587	2.874679
708	-839.9026	-1185.001	345.0983	2.192255	2.220992
714	-856.3946	-1198.552	342.1576	2.00546	4.090081
720	-947.9627	-1293.023	345.0604	2.690988	1.916978
726	-934.6645	-1280.372	345.708	2.85061	1.330968
732	-943.1496	-1288.703	345.5534	3.178774	1.186866
738	-953.6254	-1298.778	345.1522	3.752424	1.029571
744	-936.1281	-1281.206	345.0775	3.827131	1.029571
750	-884.574	-1230.833	346.2592	2.722963	0.9512259
756	-929.0274	-1273.987	344.9591	2.271191	2.259774
762	-920.9767	-1266.672	345.6953	2.888239	1.310858
768	-917.3982	-1263.041	345.6427	3.154497	1.129637
774	-906.4862	-1252.139	345.6532	3.192972	1.084971
780	-917.2295	-1262.868	345.638	2.848898	1.387681
786	-858.0002	-1204.122	346.1222	2.364682	1.387681
792	-884.7211	-1229.723	345.0022	3.484701	1.387681
798	-911.7715	-1256.882	345.1109	3.773994	1.048614
804	-885.7652	-1231.626	345.8608	3.097285	0.9762475
810	-924.5805	-1269.697	345.1166	4.118162	0.5603397
816	-931.5984	-1277.679	346.0807	3.153969	0.5603397
822	-905.2562	-1250.341	345.0846	4.15632	0.516673
828	-880.3143	-1225.95	345.6355	3.594777	0.5785426
834	-901.3003	-1245.991	344.6908	3.236132	1.796829
840	-907.2959	-1250.851	343.5551	5.360196	1.019175
846	-893.2312	-1236.708	343.477	4.586966	1.700926
852	-890.1795	-1235.353	345.1731	3.886547	0.864874
858	-880.2875	-1225.632	345.3444	3.886547	0.5759866
864	-969.7916	-1315.248	345.4569	3.643483	0.8145743
870	-984.9863	-1329.628	344.6418	4.153895	1.13105
876	-950.8656	-1296.451	345.5854	3.404963	0.9425613
882	-947.8873	-1292.639	344.7517	4.489478	0.5120187
888	-896.3992	-1242.086	345.6866	3.554554	0.5120187
894	-879.203	-1224.682	345.4794	2.966596	1.419472
900	-895.5227	-1241.299	345.7767	2.669203	1.419472
906	-922.1735	-1267.016	344.8424	4.145207	0.9455006
912	-957.1611	-1301.691	344.5296	4.59169	0.7867703
918	-950.9712	-1295.836	344.8644	4.19347	0.8669776
924	-938.4935	-1283.18	344.6866	3.608562	1.533514
930	-935.6016	-1281.399	345.7978	2.945883	1.17691
936	-925.6635	-1270.045	344.3819	3.748798	1.653379
942	-944.6017	-1289.465	344.863	3.547503	1.446697
948	-962.9286	-1307.45	344.5211	4.407633	1.005899
954	-949.8705	-1294.884	345.0132	4.029041	0.8852122
960	-940.8101	-1287.009	346.1988	3.030881	0.5807561
966	-913.2989	-1258.522	345.2226	3.398662	1.280139
972	-900.8554	-1246.553	345.6976	3.389761	0.8311414
978	-946.5338	-1292.334	345.8001	2.951598	1.169947
984	-923.6404	-1266.053	342.4124	2.533069	3.640627
990	-922.1941	-1262.796	340.6017	3.888369	3.903149
996	-883.976	-1229.665	345.6894	2.674529	1.482032
